running egg_info
creating ../../build/mybot_control/mybot_control.egg-info
writing ../../build/mybot_control/mybot_control.egg-info/PKG-INFO
writing dependency_links to ../../build/mybot_control/mybot_control.egg-info/dependency_links.txt
writing entry points to ../../build/mybot_control/mybot_control.egg-info/entry_points.txt
writing requirements to ../../build/mybot_control/mybot_control.egg-info/requires.txt
writing top-level names to ../../build/mybot_control/mybot_control.egg-info/top_level.txt
writing manifest file '../../build/mybot_control/mybot_control.egg-info/SOURCES.txt'
reading manifest file '../../build/mybot_control/mybot_control.egg-info/SOURCES.txt'
writing manifest file '../../build/mybot_control/mybot_control.egg-info/SOURCES.txt'
running build
running build_py
creating /home/rocky/my-robot/ros2_ws/build/mybot_control/build
creating /home/rocky/my-robot/ros2_ws/build/mybot_control/build/lib
creating /home/rocky/my-robot/ros2_ws/build/mybot_control/build/lib/mybot_control
copying mybot_control/__init__.py -> /home/rocky/my-robot/ros2_ws/build/mybot_control/build/lib/mybot_control
copying mybot_control/controller_node.py -> /home/rocky/my-robot/ros2_ws/build/mybot_control/build/lib/mybot_control
running install
running install_lib
creating /home/rocky/my-robot/ros2_ws/install/mybot_control/lib/python3.12/site-packages/mybot_control
copying /home/rocky/my-robot/ros2_ws/build/mybot_control/build/lib/mybot_control/__init__.py -> /home/rocky/my-robot/ros2_ws/install/mybot_control/lib/python3.12/site-packages/mybot_control
copying /home/rocky/my-robot/ros2_ws/build/mybot_control/build/lib/mybot_control/controller_node.py -> /home/rocky/my-robot/ros2_ws/install/mybot_control/lib/python3.12/site-packages/mybot_control
byte-compiling /home/rocky/my-robot/ros2_ws/install/mybot_control/lib/python3.12/site-packages/mybot_control/__init__.py to __init__.cpython-312.pyc
byte-compiling /home/rocky/my-robot/ros2_ws/install/mybot_control/lib/python3.12/site-packages/mybot_control/controller_node.py to controller_node.cpython-312.pyc
running install_data
creating /home/rocky/my-robot/ros2_ws/install/mybot_control/share/ament_index
creating /home/rocky/my-robot/ros2_ws/install/mybot_control/share/ament_index/resource_index
creating /home/rocky/my-robot/ros2_ws/install/mybot_control/share/ament_index/resource_index/packages
copying resource/mybot_control -> /home/rocky/my-robot/ros2_ws/install/mybot_control/share/ament_index/resource_index/packages
copying package.xml -> /home/rocky/my-robot/ros2_ws/install/mybot_control/share/mybot_control
creating /home/rocky/my-robot/ros2_ws/install/mybot_control/share/mybot_control/launch
copying launch/sim.launch.py -> /home/rocky/my-robot/ros2_ws/install/mybot_control/share/mybot_control/launch
running install_egg_info
Copying ../../build/mybot_control/mybot_control.egg-info to /home/rocky/my-robot/ros2_ws/install/mybot_control/lib/python3.12/site-packages/mybot_control-0.0.0-py3.12.egg-info
running install_scripts
Installing controller script to /home/rocky/my-robot/ros2_ws/install/mybot_control/lib/mybot_control
writing list of installed files to '/home/rocky/my-robot/ros2_ws/build/mybot_control/install.log'
