[0.527s] Invoking command in '/home/rocky/my-robot/ros2_ws/src/mybot_control': DEBUGINFOD_URLS=https://debuginfod.ubuntu.com PYTHONPATH=/home/rocky/my-robot/ros2_ws/build/mybot_control/prefix_override:/usr/lib/python3/dist-packages/colcon_core/task/python/colcon_distutils_commands:/home/rocky/my-robot/ros2_ws/install/mybot_control/lib/python3.12/site-packages:${PYTHONPATH} /usr/bin/python3 -W ignore:setup.py install is deprecated -W ignore:easy_install command is deprecated setup.py egg_info --egg-base ../../build/mybot_control build --build-base /home/rocky/my-robot/ros2_ws/build/mybot_control/build install --record /home/rocky/my-robot/ros2_ws/build/mybot_control/install.log --single-version-externally-managed install_data
[0.684s] running egg_info
[0.684s] creating ../../build/mybot_control/mybot_control.egg-info
[0.694s] writing ../../build/mybot_control/mybot_control.egg-info/PKG-INFO
[0.694s] writing dependency_links to ../../build/mybot_control/mybot_control.egg-info/dependency_links.txt
[0.694s] writing entry points to ../../build/mybot_control/mybot_control.egg-info/entry_points.txt
[0.694s] writing requirements to ../../build/mybot_control/mybot_control.egg-info/requires.txt
[0.694s] writing top-level names to ../../build/mybot_control/mybot_control.egg-info/top_level.txt
[0.694s] writing manifest file '../../build/mybot_control/mybot_control.egg-info/SOURCES.txt'
[0.713s] reading manifest file '../../build/mybot_control/mybot_control.egg-info/SOURCES.txt'
[0.714s] writing manifest file '../../build/mybot_control/mybot_control.egg-info/SOURCES.txt'
[0.714s] running build
[0.714s] running build_py
[0.714s] creating /home/rocky/my-robot/ros2_ws/build/mybot_control/build
[0.714s] creating /home/rocky/my-robot/ros2_ws/build/mybot_control/build/lib
[0.714s] creating /home/rocky/my-robot/ros2_ws/build/mybot_control/build/lib/mybot_control
[0.714s] copying mybot_control/__init__.py -> /home/rocky/my-robot/ros2_ws/build/mybot_control/build/lib/mybot_control
[0.715s] copying mybot_control/controller_node.py -> /home/rocky/my-robot/ros2_ws/build/mybot_control/build/lib/mybot_control
[0.715s] running install
[0.718s] running install_lib
[0.728s] creating /home/rocky/my-robot/ros2_ws/install/mybot_control/lib/python3.12/site-packages/mybot_control
[0.728s] copying /home/rocky/my-robot/ros2_ws/build/mybot_control/build/lib/mybot_control/__init__.py -> /home/rocky/my-robot/ros2_ws/install/mybot_control/lib/python3.12/site-packages/mybot_control
[0.728s] copying /home/rocky/my-robot/ros2_ws/build/mybot_control/build/lib/mybot_control/controller_node.py -> /home/rocky/my-robot/ros2_ws/install/mybot_control/lib/python3.12/site-packages/mybot_control
[0.728s] byte-compiling /home/rocky/my-robot/ros2_ws/install/mybot_control/lib/python3.12/site-packages/mybot_control/__init__.py to __init__.cpython-312.pyc
[0.728s] byte-compiling /home/rocky/my-robot/ros2_ws/install/mybot_control/lib/python3.12/site-packages/mybot_control/controller_node.py to controller_node.cpython-312.pyc
[0.729s] running install_data
[0.729s] creating /home/rocky/my-robot/ros2_ws/install/mybot_control/share/ament_index
[0.729s] creating /home/rocky/my-robot/ros2_ws/install/mybot_control/share/ament_index/resource_index
[0.729s] creating /home/rocky/my-robot/ros2_ws/install/mybot_control/share/ament_index/resource_index/packages
[0.729s] copying resource/mybot_control -> /home/rocky/my-robot/ros2_ws/install/mybot_control/share/ament_index/resource_index/packages
[0.729s] copying package.xml -> /home/rocky/my-robot/ros2_ws/install/mybot_control/share/mybot_control
[0.729s] creating /home/rocky/my-robot/ros2_ws/install/mybot_control/share/mybot_control/launch
[0.729s] copying launch/sim.launch.py -> /home/rocky/my-robot/ros2_ws/install/mybot_control/share/mybot_control/launch
[0.730s] running install_egg_info
[0.739s] Copying ../../build/mybot_control/mybot_control.egg-info to /home/rocky/my-robot/ros2_ws/install/mybot_control/lib/python3.12/site-packages/mybot_control-0.0.0-py3.12.egg-info
[0.740s] running install_scripts
[0.807s] Installing controller script to /home/rocky/my-robot/ros2_ws/install/mybot_control/lib/mybot_control
[0.807s] writing list of installed files to '/home/rocky/my-robot/ros2_ws/build/mybot_control/install.log'
[0.826s] Invoked command in '/home/rocky/my-robot/ros2_ws/src/mybot_control' returned '0': DEBUGINFOD_URLS=https://debuginfod.ubuntu.com PYTHONPATH=/home/rocky/my-robot/ros2_ws/build/mybot_control/prefix_override:/usr/lib/python3/dist-packages/colcon_core/task/python/colcon_distutils_commands:/home/rocky/my-robot/ros2_ws/install/mybot_control/lib/python3.12/site-packages:${PYTHONPATH} /usr/bin/python3 -W ignore:setup.py install is deprecated -W ignore:easy_install command is deprecated setup.py egg_info --egg-base ../../build/mybot_control build --build-base /home/rocky/my-robot/ros2_ws/build/mybot_control/build install --record /home/rocky/my-robot/ros2_ws/build/mybot_control/install.log --single-version-externally-managed install_data
